This is pdfTeXk, Version 3.1415926-1.40.9 (Web2C 7.5.7) (format=pdflatex 2009.9.30)  31 MAY 2011 09:20
entering extended mode
 %&-line parsing enabled.
**libasm.asm
(./libasm.asm
LaTeX2e <2005/12/01>
Babel <v3.8l> and hyphenation patterns for english, usenglishmax, dumylang, noh
yphenation, german-x-2008-06-18, ngerman-x-2008-06-18, ancientgreek, ibycus, ar
abic, basque, bulgarian, catalan, pinyin, coptic, croatian, czech, danish, dutc
h, esperanto, estonian, farsi, finnish, french, galician, german, ngerman, mono
greek, greek, hungarian, icelandic, indonesian, interlingua, irish, italian, la
tin, lithuanian, mongolian, mongolian2a, bokmal, nynorsk, polish, portuguese, r
omanian, russian, sanskrit, serbian, slovak, slovenian, spanish, swedish, turki
sh, ukenglish, ukrainian, uppersorbian, welsh, loaded.

! LaTeX Error: Missing \begin{document}.

See the LaTeX manual or LaTeX Companion for explanation.
Type  H <return>  for immediate help.
 ...                                              
                                                  
l.1 G
     LOBAL  _read_msw,_lidt
You're in trouble here.  Try typing  <return>  to proceed.
If that doesn't work, type  X <return>  to quit.

Missing character: There is no G in font nullfont!
Missing character: There is no L in font nullfont!
Missing character: There is no O in font nullfont!
Missing character: There is no B in font nullfont!
Missing character: There is no A in font nullfont!
Missing character: There is no L in font nullfont!
! Missing $ inserted.
<inserted text> 
                $
l.1 GLOBAL  _
             read_msw,_lidt
I've inserted a begin-math/end-math symbol since I think
you left one out. Proceed, with fingers crossed.

LaTeX Font Info:    External font `cmex10' loaded for size
(Font)              <7> on input line 1.
LaTeX Font Info:    External font `cmex10' loaded for size
(Font)              <5> on input line 1.
! Missing $ inserted.
<inserted text> 
                $
l.5 
    
I've inserted a begin-math/end-math symbol since I think
you left one out. Proceed, with fingers crossed.


Overfull \hbox (20.0pt too wide) in paragraph at lines 1--5
[]
 []


Overfull \hbox (428.28253pt too wide) in paragraph at lines 1--5
[]\OML/cmm/m/it/10 ead[]sw;[] idtGLOBAL[]nt[]\OT1/cmr/m/n/10 8[]\OML/cmm/m/it/1
0 andGLOBAL[]ascaraPIC\OT1/cmr/m/n/10 1\OML/cmm/m/it/10 ;[] ascaraPIC\OT1/cmr/m
/n/10 2\OML/cmm/m/it/10 ;[] li;[] tiGLOBAL[]ebug$ 
 []


! LaTeX Error: Missing \begin{document}.

See the LaTeX manual or LaTeX Companion for explanation.
Type  H <return>  for immediate help.
 ...                                              
                                                  
l.6 E
     XTERN  int_08
You're in trouble here.  Try typing  <return>  to proceed.
If that doesn't work, type  X <return>  to quit.

Missing character: There is no E in font nullfont!
Missing character: There is no X in font nullfont!
Missing character: There is no T in font nullfont!
Missing character: There is no E in font nullfont!
Missing character: There is no R in font nullfont!
Missing character: There is no N in font nullfont!
Missing character: There is no i in font nullfont!
Missing character: There is no n in font nullfont!
Missing character: There is no t in font nullfont!
! Missing $ inserted.
<inserted text> 
                $
l.6 EXTERN  int_
                08
I've inserted a begin-math/end-math symbol since I think
you left one out. Proceed, with fingers crossed.

! Missing $ inserted.
<inserted text> 
                $
l.7 
    
I've inserted a begin-math/end-math symbol since I think
you left one out. Proceed, with fingers crossed.


Overfull \hbox (20.0pt too wide) in paragraph at lines 6--7
[]
 []


Overfull \hbox (9.48615pt too wide) in paragraph at lines 6--7
[]\OT1/cmr/m/n/10 8$ 
 []


! LaTeX Error: Missing \begin{document}.

See the LaTeX manual or LaTeX Companion for explanation.
Type  H <return>  for immediate help.
 ...                                              
                                                  
l.9 S
     ECTION .text
You're in trouble here.  Try typing  <return>  to proceed.
If that doesn't work, type  X <return>  to quit.

Missing character: There is no S in font nullfont!
Missing character: There is no E in font nullfont!
Missing character: There is no C in font nullfont!
Missing character: There is no T in font nullfont!
Missing character: There is no I in font nullfont!
Missing character: There is no O in font nullfont!
Missing character: There is no N in font nullfont!
Missing character: There is no . in font nullfont!
Missing character: There is no t in font nullfont!
Missing character: There is no e in font nullfont!
Missing character: There is no x in font nullfont!
Missing character: There is no t in font nullfont!

Overfull \hbox (20.0pt too wide) in paragraph at lines 9--10
[]
 []

! Missing $ inserted.
<inserted text> 
                $
l.13 _
      Cli:
I've inserted a begin-math/end-math symbol since I think
you left one out. Proceed, with fingers crossed.


! LaTeX Error: Missing \begin{document}.

See the LaTeX manual or LaTeX Companion for explanation.
Type  H <return>  for immediate help.
 ...                                              
                                                  
l.13 _
      Cli:
You're in trouble here.  Try typing  <return>  to proceed.
If that doesn't work, type  X <return>  to quit.

! Missing $ inserted.
<inserted text> 
                $
l.16 
     
I've inserted a begin-math/end-math symbol since I think
you left one out. Proceed, with fingers crossed.


Overfull \hbox (38.90718pt too wide) in paragraph at lines 13--16
[]$[]\OML/cmm/m/it/10 li \OT1/cmr/m/n/10 :
 []


Overfull \hbox (153.0663pt too wide) in paragraph at lines 13--16
\OML/cmm/m/it/10 cli\OT1/cmr/m/n/10 ; \OML/cmm/m/it/10 limpiaflagdeinterrupcion
esret$ 
 []

! Missing $ inserted.
<inserted text> 
                $
l.17 _
      Sti:
I've inserted a begin-math/end-math symbol since I think
you left one out. Proceed, with fingers crossed.


! LaTeX Error: Missing \begin{document}.

See the LaTeX manual or LaTeX Companion for explanation.
Type  H <return>  for immediate help.
 ...                                              
                                                  
l.17 _
      Sti:
You're in trouble here.  Try typing  <return>  to proceed.
If that doesn't work, type  X <return>  to quit.

! Missing $ inserted.
<inserted text> 
                $
l.18 
     
I've inserted a begin-math/end-math symbol since I think
you left one out. Proceed, with fingers crossed.


Overfull \hbox (38.40482pt too wide) in paragraph at lines 17--18
[]$[]\OML/cmm/m/it/10 ti \OT1/cmr/m/n/10 :$ 
 []


! LaTeX Error: Missing \begin{document}.

See the LaTeX manual or LaTeX Companion for explanation.
Type  H <return>  for immediate help.
 ...                                              
                                                  
l.19 	s
       ti			; habilita interrupciones por flag
You're in trouble here.  Try typing  <return>  to proceed.
If that doesn't work, type  X <return>  to quit.

Missing character: There is no s in font nullfont!
Missing character: There is no t in font nullfont!
Missing character: There is no i in font nullfont!
Missing character: There is no ; in font nullfont!
Missing character: There is no h in font nullfont!
Missing character: There is no a in font nullfont!
Missing character: There is no b in font nullfont!
Missing character: There is no i in font nullfont!
Missing character: There is no l in font nullfont!
Missing character: There is no i in font nullfont!
Missing character: There is no t in font nullfont!
Missing character: There is no a in font nullfont!
Missing character: There is no i in font nullfont!
Missing character: There is no n in font nullfont!
Missing character: There is no t in font nullfont!
Missing character: There is no e in font nullfont!
Missing character: There is no r in font nullfont!
Missing character: There is no r in font nullfont!
Missing character: There is no u in font nullfont!
Missing character: There is no p in font nullfont!
Missing character: There is no c in font nullfont!
Missing character: There is no i in font nullfont!
Missing character: There is no o in font nullfont!
Missing character: There is no n in font nullfont!
Missing character: There is no e in font nullfont!
Missing character: There is no s in font nullfont!
Missing character: There is no p in font nullfont!
Missing character: There is no o in font nullfont!
Missing character: There is no r in font nullfont!
Missing character: There is no f in font nullfont!
Missing character: There is no l in font nullfont!
Missing character: There is no a in font nullfont!
Missing character: There is no g in font nullfont!
Missing character: There is no r in font nullfont!
Missing character: There is no e in font nullfont!
Missing character: There is no t in font nullfont!

Overfull \hbox (20.0pt too wide) in paragraph at lines 19--21
[]
 []

! Missing $ inserted.
<inserted text> 
                $
l.22 _
      mascaraPIC1:			; Escribe mascara del PIC 1
I've inserted a begin-math/end-math symbol since I think
you left one out. Proceed, with fingers crossed.


! LaTeX Error: Missing \begin{document}.

See the LaTeX manual or LaTeX Companion for explanation.
Type  H <return>  for immediate help.
 ...                                              
                                                  
l.22 _
      mascaraPIC1:			; Escribe mascara del PIC 1
You're in trouble here.  Try typing  <return>  to proceed.
If that doesn't work, type  X <return>  to quit.

! Missing $ inserted.
<inserted text> 
                $
l.29 
     
I've inserted a begin-math/end-math symbol since I think
you left one out. Proceed, with fingers crossed.


Overfull \hbox (88.66579pt too wide) in paragraph at lines 22--29
[]$[]\OML/cmm/m/it/10 ascaraPIC\OT1/cmr/m/n/10 1 :
 []


Overfull \hbox (254.7395pt too wide) in paragraph at lines 22--29
\OT1/cmr/m/n/10 ; \OML/cmm/m/it/10 EscribemascaradelPIC\OT1/cmr/m/n/10 1\OML/cm
m/m/it/10 pushebpmovebp; espmovax; \OT1/cmr/m/n/10 [\OML/cmm/m/it/10 ss \OT1/cm
r/m/n/10 :
 []


Overfull \hbox (21.75697pt too wide) in paragraph at lines 22--29
\OML/cmm/m/it/10 ebp \OT1/cmr/m/n/10 +
 []


Overfull \hbox (33.77888pt too wide) in paragraph at lines 22--29
\OT1/cmr/m/n/10 8]; \OML/cmm/m/it/10 ax \OT1/cmr/m/n/10 =
 []


Overfull \hbox (165.1422pt too wide) in paragraph at lines 22--29
\OML/cmm/m/it/10 mascarade\OT1/cmr/m/n/10 16\OML/cmm/m/it/10 bitsout\OT1/cmr/m/
n/10 21\OML/cmm/m/it/10 h; alpopebpretn$ 
 []

! Missing $ inserted.
<inserted text> 
                $
l.30 _
      mascaraPIC2:			; Escribe mascara del PIC 2
I've inserted a begin-math/end-math symbol since I think
you left one out. Proceed, with fingers crossed.


! LaTeX Error: Missing \begin{document}.

See the LaTeX manual or LaTeX Companion for explanation.
Type  H <return>  for immediate help.
 ...                                              
                                                  
l.30 _
      mascaraPIC2:			; Escribe mascara del PIC 2
You're in trouble here.  Try typing  <return>  to proceed.
If that doesn't work, type  X <return>  to quit.

! Missing $ inserted.
<inserted text> 
                $
l.37 
     
I've inserted a begin-math/end-math symbol since I think
you left one out. Proceed, with fingers crossed.


Overfull \hbox (88.66579pt too wide) in paragraph at lines 30--37
[]$[]\OML/cmm/m/it/10 ascaraPIC\OT1/cmr/m/n/10 2 :
 []


Overfull \hbox (254.7395pt too wide) in paragraph at lines 30--37
\OT1/cmr/m/n/10 ; \OML/cmm/m/it/10 EscribemascaradelPIC\OT1/cmr/m/n/10 2\OML/cm
m/m/it/10 pushebpmovebp; espmovax; \OT1/cmr/m/n/10 [\OML/cmm/m/it/10 ss \OT1/cm
r/m/n/10 :
 []


Overfull \hbox (21.75697pt too wide) in paragraph at lines 30--37
\OML/cmm/m/it/10 ebp \OT1/cmr/m/n/10 +
 []


Overfull \hbox (33.77888pt too wide) in paragraph at lines 30--37
\OT1/cmr/m/n/10 8]; \OML/cmm/m/it/10 ax \OT1/cmr/m/n/10 =
 []


Overfull \hbox (172.64221pt too wide) in paragraph at lines 30--37
\OML/cmm/m/it/10 mascarade\OT1/cmr/m/n/10 16\OML/cmm/m/it/10 bitsout\OT1/cmr/m/
n/10 0\OML/cmm/m/it/10 A\OT1/cmr/m/n/10 1\OML/cmm/m/it/10 h; alpopebpretn$ 
 []

! Missing $ inserted.
<inserted text> 
                $
l.38 _
      read_msw:
I've inserted a begin-math/end-math symbol since I think
you left one out. Proceed, with fingers crossed.


! LaTeX Error: Missing \begin{document}.

See the LaTeX manual or LaTeX Companion for explanation.
Type  H <return>  for immediate help.
 ...                                              
                                                  
l.38 _
      read_msw:
You're in trouble here.  Try typing  <return>  to proceed.
If that doesn't work, type  X <return>  to quit.

! Missing $ inserted.
<inserted text> 
                $
l.41 
     
I've inserted a begin-math/end-math symbol since I think
you left one out. Proceed, with fingers crossed.


Overfull \hbox (64.84264pt too wide) in paragraph at lines 38--41
[]$[]\OML/cmm/m/it/10 ead[]sw \OT1/cmr/m/n/10 :
 []


Overfull \hbox (198.6966pt too wide) in paragraph at lines 38--41
\OML/cmm/m/it/10 smswax\OT1/cmr/m/n/10 ; \OML/cmm/m/it/10 ObtienelaMachineStatu
sWordretn$ 
 []

! Missing $ inserted.
<inserted text> 
                $
l.43 _
      lidt:				; Carga el IDTR
I've inserted a begin-math/end-math symbol since I think
you left one out. Proceed, with fingers crossed.


! LaTeX Error: Missing \begin{document}.

See the LaTeX manual or LaTeX Companion for explanation.
Type  H <return>  for immediate help.
 ...                                              
                                                  
l.43 _
      lidt:				; Carga el IDTR
You're in trouble here.  Try typing  <return>  to proceed.
If that doesn't work, type  X <return>  to quit.

! Missing $ inserted.
<inserted text> 
                $
l.53 
     
I've inserted a begin-math/end-math symbol since I think
you left one out. Proceed, with fingers crossed.


Overfull \hbox (40.88606pt too wide) in paragraph at lines 43--53
[]$[]\OML/cmm/m/it/10 idt \OT1/cmr/m/n/10 :
 []


Overfull \hbox (247.60706pt too wide) in paragraph at lines 43--53
\OT1/cmr/m/n/10 ; \OML/cmm/m/it/10 CargaelIDTRpushebpmovebp; esppushebxmovebx; 
\OT1/cmr/m/n/10 [\OML/cmm/m/it/10 ss \OT1/cmr/m/n/10 :
 []


Overfull \hbox (21.75697pt too wide) in paragraph at lines 43--53
\OML/cmm/m/it/10 ebp \OT1/cmr/m/n/10 +
 []


Overfull \hbox (27.67007pt too wide) in paragraph at lines 43--53
\OT1/cmr/m/n/10 6]; \OML/cmm/m/it/10 ds \OT1/cmr/m/n/10 :
 []


Overfull \hbox (20.56244pt too wide) in paragraph at lines 43--53
\OML/cmm/m/it/10 bx \OT1/cmr/m/n/10 =
 []


Overfull \hbox (144.18047pt too wide) in paragraph at lines 43--53
\OML/cmm/m/it/10 punteroaIDTRrolebx; \OT1/cmr/m/n/10 16\OML/cmm/m/it/10 lidt\OT
1/cmr/m/n/10 [\OML/cmm/m/it/10 ds \OT1/cmr/m/n/10 :
 []


Overfull \hbox (152.86377pt too wide) in paragraph at lines 43--53
\OML/cmm/m/it/10 ebx\OT1/cmr/m/n/10 ]; \OML/cmm/m/it/10 cargaIDTRpopebxpopebpre
tn$ 
 []

! Missing $ inserted.
<inserted text> 
                $
l.57 _
      debug:		; Debug para el BOCHS, detiene la ejecuci√≥; Para continuar
I've inserted a begin-math/end-math symbol since I think
you left one out. Proceed, with fingers crossed.


! LaTeX Error: Missing \begin{document}.

See the LaTeX manual or LaTeX Companion for explanation.
Type  H <return>  for immediate help.
 ...                                              
                                                  
l.57 _
      debug:		; Debug para el BOCHS, detiene la ejecuci√≥; Para continuar
You're in trouble here.  Try typing  <return>  to proceed.
If that doesn't work, type  X <return>  to quit.

Missing character: There is no √ in font cmr10!
Missing character: There is no ≥ in font cmr10!
Missing character: There is no e in font nullfont!
Missing character: There is no a in font nullfont!
Missing character: There is no x in font nullfont!
Missing character: There is no = in font nullfont!
Missing character: There is no 0 in font nullfont!
Missing character: There is no p in font nullfont!
Missing character: There is no u in font nullfont!
Missing character: There is no s in font nullfont!
Missing character: There is no h in font nullfont!
Missing character: There is no b in font nullfont!
Missing character: There is no p in font nullfont!
Missing character: There is no m in font nullfont!
Missing character: There is no o in font nullfont!
Missing character: There is no v in font nullfont!
Missing character: There is no b in font nullfont!
Missing character: There is no p in font nullfont!
Missing character: There is no , in font nullfont!
Missing character: There is no s in font nullfont!
Missing character: There is no p in font nullfont!
Missing character: There is no p in font nullfont!
Missing character: There is no u in font nullfont!
Missing character: There is no s in font nullfont!
Missing character: There is no h in font nullfont!
Missing character: There is no a in font nullfont!
Missing character: There is no x in font nullfont!
Missing character: There is no v in font nullfont!
Missing character: There is no u in font nullfont!
Missing character: There is no e in font nullfont!
Missing character: There is no l in font nullfont!
Missing character: There is no v in font nullfont!
Missing character: There is no e in font nullfont!
Missing character: There is no : in font nullfont!
Missing character: There is no m in font nullfont!
Missing character: There is no o in font nullfont!
Missing character: There is no v in font nullfont!
Missing character: There is no a in font nullfont!
Missing character: There is no x in font nullfont!
Missing character: There is no , in font nullfont!
Missing character: There is no 1 in font nullfont!
Missing character: There is no c in font nullfont!
Missing character: There is no m in font nullfont!
Missing character: There is no p in font nullfont!
Missing character: There is no a in font nullfont!
Missing character: There is no x in font nullfont!
Missing character: There is no , in font nullfont!
Missing character: There is no 0 in font nullfont!
Missing character: There is no j in font nullfont!
Missing character: There is no n in font nullfont!
Missing character: There is no e in font nullfont!
Missing character: There is no v in font nullfont!
Missing character: There is no u in font nullfont!
Missing character: There is no e in font nullfont!
Missing character: There is no l in font nullfont!
Missing character: There is no v in font nullfont!
Missing character: There is no e in font nullfont!
Missing character: There is no p in font nullfont!
Missing character: There is no o in font nullfont!
Missing character: There is no p in font nullfont!
Missing character: There is no a in font nullfont!
Missing character: There is no x in font nullfont!
Missing character: There is no p in font nullfont!
Missing character: There is no o in font nullfont!
Missing character: There is no p in font nullfont!
Missing character: There is no b in font nullfont!
Missing character: There is no p in font nullfont!
Missing character: There is no r in font nullfont!
Missing character: There is no e in font nullfont!
Missing character: There is no t in font nullfont!
Missing character: There is no n in font nullfont!
)
! Emergency stop.
<*> libasm.asm
              
*** (job aborted, no legal \end found)

 
Here is how much of TeX's memory you used:
 8 strings out of 493876
 151 string characters out of 1154527
 50901 words of memory out of 3000000
 3381 multiletter control sequences out of 10000+50000
 3640 words of font info for 14 fonts, out of 3000000 for 5000
 714 hyphenation exceptions out of 8191
 18i,1n,12p,82b,56s stack positions out of 5000i,500n,10000p,200000b,50000s
!  ==> Fatal error occurred, no output PDF file produced!
